INFO: [VRFC 10-2263] Analyzing Verilog file "C:/Users/jains/OneDrive/Desktop/vlsi/sha/sha.srcs/sources_1/new/message_scheduler.v" into library xil_defaultlib
INFO: [VRFC 10-311] analyzing module message_scheduler
INFO: [VRFC 10-2263] Analyzing Verilog file "C:/Users/jains/OneDrive/Desktop/vlsi/sha/sha.srcs/sources_1/new/k_constants.v" into library xil_defaultlib
INFO: [VRFC 10-311] analyzing module k_constants
INFO: [VRFC 10-2263] Analyzing Verilog file "C:/Users/jains/OneDrive/Desktop/vlsi/sha/sha.srcs/sources_1/new/compressor.v" into library xil_defaultlib
INFO: [VRFC 10-311] analyzing module k_constants
WARNING: [VRFC 10-3609] overwriting previous definition of module 'k_constants' [../../../../sha.srcs/sources_1/new/k_constants.v:4]
INFO: [VRFC 10-311] analyzing module compressor
INFO: [VRFC 10-2263] Analyzing Verilog file "C:/Users/jains/OneDrive/Desktop/vlsi/sha/sha.srcs/sources_1/new/main.v" into library xil_defaultlib
INFO: [VRFC 10-311] analyzing module message_scheduler
WARNING: [VRFC 10-3609] overwriting previous definition of module 'message_scheduler' [../../../../sha.srcs/sources_1/new/message_scheduler.v:2]
INFO: [VRFC 10-311] analyzing module k_constants
INFO: [VRFC 10-311] analyzing module compressor
WARNING: [VRFC 10-3609] overwriting previous definition of module 'compressor' [../../../../sha.srcs/sources_1/new/compressor.v:3]
INFO: [VRFC 10-311] analyzing module main
INFO: [VRFC 10-2263] Analyzing Verilog file "C:/Users/jains/OneDrive/Desktop/vlsi/sha/sha.srcs/sim_1/new/tb.v" into library xil_defaultlib
INFO: [VRFC 10-311] analyzing module message_scheduler
INFO: [VRFC 10-311] analyzing module k_constants
INFO: [VRFC 10-311] analyzing module compressor
INFO: [VRFC 10-311] analyzing module main
WARNING: [VRFC 10-3609] overwriting previous definition of module 'main' [../../../../sha.srcs/sources_1/new/main.v:3]
INFO: [VRFC 10-311] analyzing module tb
INFO: [VRFC 10-2263] Analyzing Verilog file "C:/Users/jains/OneDrive/Desktop/vlsi/sha/sha.sim/sim_1/behav/xsim/glbl.v" into library xil_defaultlib
INFO: [VRFC 10-311] analyzing module glbl
